<?xml version="1.0" encoding="UTF-8"?>
<!-- Generated by org.testng.reporters.JUnitReportReporter -->
<testsuite hostname="DESKTOP-SEPLCUP" failures="0" tests="1" name="com.qa.tests.LoginTest" time="0.008" errors="0" timestamp="2020-08-30T01:05:44 IST" skipped="0">
  <testcase classname="com.qa.tests.LoginTest" name="testLogin" time="0.008"/>
  <system-out/>
</testsuite> <!-- com.qa.tests.LoginTest -->
